modified:   pom.xml
modified:   takin-cloud-app/pom.xml
modified:   takin-cloud-app/src/test/java/io/shulie/takin/schedule/engine/impl/PressureEngineMapperTest.java
modified:   takin-cloud-biz-service/pom.xml
modified:   takin-cloud-bom/pom.xml
modified:   takin-cloud-common/pom.xml
modified:   takin-cloud-data/pom.xml
modified:   takin-cloud-data/src/main/java/io/shulie/takin/cloud/data/dao/scene/task/SceneTaskPressureTestLogUploadDAO.java
modified:   takin-cloud-data/src/main/java/io/shulie/takin/cloud/data/dao/scene/task/impl/SceneTaskPressureTestLogUploadDAOImpl.java
modified:   takin-cloud-entrypoint/pom.xml
renamed:    takin-cloud-entrypoint/takin-cloud-web-entrypoint/src/main/java/io/shulie/takin/cloud/web/entrypoint/controller/api/NoAuthController.java -> takin-cloud-entrypoint/src/main/java/io/shulie/takin/cloud/entrypoint/controller/api/NoAuthController.java
renamed:    takin-cloud-entrypoint/takin-cloud-web-entrypoint/src/main/java/io/shulie/takin/cloud/web/entrypoint/controller/cloud/BigFileUploadController.java -> takin-cloud-entrypoint/src/main/java/io/shulie/takin/cloud/entrypoint/controller/cloud/BigFileUploadController.java
renamed:    takin-cloud-entrypoint/takin-cloud-open-entrypoint/src/main/java/io/shulie/takin/cloud/open/entrypoint/controller/common/CommonInfoOpenController.java -> takin-cloud-entrypoint/src/main/java/io/shulie/takin/cloud/entrypoint/controller/common/CommonInfoOpenController.java
renamed:    takin-cloud-entrypoint/takin-cloud-web-entrypoint/src/main/java/io/shulie/takin/cloud/web/entrypoint/controller/dictionary/DictionaryController.java -> takin-cloud-entrypoint/src/main/java/io/shulie/takin/cloud/entrypoint/controller/dictionary/DictionaryController.java
renamed:    takin-cloud-entrypoint/takin-cloud-web-entrypoint/src/main/java/io/shulie/takin/cloud/web/entrypoint/controller/engine/EngineCallbackController.java -> takin-cloud-entrypoint/src/main/java/io/shulie/takin/cloud/entrypoint/controller/engine/EngineCallbackController.java
renamed:    takin-cloud-entrypoint/takin-cloud-open-entrypoint/src/main/java/io/shulie/takin/cloud/open/entrypoint/controller/engine/EnginePluginOpenController.java -> takin-cloud-entrypoint/src/main/java/io/shulie/takin/cloud/entrypoint/controller/engine/EnginePluginOpenController.java
renamed:    takin-cloud-entrypoint/takin-cloud-web-entrypoint/src/main/java/io/shulie/takin/cloud/web/entrypoint/controller/file/FileController.java -> takin-cloud-entrypoint/src/main/java/io/shulie/takin/cloud/entrypoint/controller/file/FileController.java
renamed:    takin-cloud-entrypoint/takin-cloud-open-entrypoint/src/main/java/io/shulie/takin/cloud/open/entrypoint/controller/file/FileOpenController.java -> takin-cloud-entrypoint/src/main/java/io/shulie/takin/cloud/entrypoint/controller/file/FileOpenController.java
renamed:    takin-cloud-entrypoint/takin-cloud-web-entrypoint/src/main/java/io/shulie/takin/cloud/web/entrypoint/controller/middleware/MiddlewareJarController.java -> takin-cloud-entrypoint/src/main/java/io/shulie/takin/cloud/entrypoint/controller/middleware/MiddlewareJarController.java
renamed:    takin-cloud-entrypoint/takin-cloud-web-entrypoint/src/main/java/io/shulie/takin/cloud/web/entrypoint/controller/report/ReportController.java -> takin-cloud-entrypoint/src/main/java/io/shulie/takin/cloud/entrypoint/controller/report/ReportController.java
renamed:    takin-cloud-entrypoint/takin-cloud-open-entrypoint/src/main/java/io/shulie/takin/cloud/open/entrypoint/controller/report/ReportOpenController.java -> takin-cloud-entrypoint/src/main/java/io/shulie/takin/cloud/entrypoint/controller/report/ReportOpenController.java
renamed:    takin-cloud-entrypoint/takin-cloud-web-entrypoint/src/main/java/io/shulie/takin/cloud/web/entrypoint/controller/scenemanage/SceneManageController.java -> takin-cloud-entrypoint/src/main/java/io/shulie/takin/cloud/entrypoint/controller/scenemanage/SceneManageController.java
renamed:    takin-cloud-entrypoint/takin-cloud-open-entrypoint/src/main/java/io/shulie/takin/cloud/open/entrypoint/controller/scenemanage/SceneManageOpenController.java -> takin-cloud-entrypoint/src/main/java/io/shulie/takin/cloud/entrypoint/controller/scenemanage/SceneManageOpenController.java
renamed:    takin-cloud-entrypoint/takin-cloud-web-entrypoint/src/main/java/io/shulie/takin/cloud/web/entrypoint/controller/scenemanage/SceneTaskController.java -> takin-cloud-entrypoint/src/main/java/io/shulie/takin/cloud/entrypoint/controller/scenemanage/SceneTaskController.java
renamed:    takin-cloud-entrypoint/takin-cloud-open-entrypoint/src/main/java/io/shulie/takin/cloud/open/entrypoint/controller/scenetask/SceneTaskOpenController.java -> takin-cloud-entrypoint/src/main/java/io/shulie/takin/cloud/entrypoint/controller/scenetask/SceneTaskOpenController.java
renamed:    takin-cloud-entrypoint/takin-cloud-web-entrypoint/src/main/java/io/shulie/takin/cloud/web/entrypoint/controller/schedule/ScheduleRecordController.java -> takin-cloud-entrypoint/src/main/java/io/shulie/takin/cloud/entrypoint/controller/schedule/ScheduleRecordController.java
renamed:    takin-cloud-entrypoint/takin-cloud-open-entrypoint/src/main/java/io/shulie/takin/cloud/open/entrypoint/controller/statistics/PressureStatisticsOpenController.java -> takin-cloud-entrypoint/src/main/java/io/shulie/takin/cloud/entrypoint/controller/statistics/PressureStatisticsOpenController.java
renamed:    takin-cloud-entrypoint/takin-cloud-web-entrypoint/src/main/java/io/shulie/takin/cloud/web/entrypoint/controller/strategy/LocalFileStrategy.java -> takin-cloud-entrypoint/src/main/java/io/shulie/takin/cloud/entrypoint/controller/strategy/LocalFileStrategy.java
renamed:    takin-cloud-entrypoint/takin-cloud-web-entrypoint/src/main/java/io/shulie/takin/cloud/web/entrypoint/controller/strategy/StrategyConfigController.java -> takin-cloud-entrypoint/src/main/java/io/shulie/takin/cloud/entrypoint/controller/strategy/StrategyConfigController.java
renamed:    takin-cloud-entrypoint/takin-cloud-open-entrypoint/src/main/java/io/shulie/takin/cloud/open/entrypoint/convert/SceneBusinessActivityRefInputConvert.java -> takin-cloud-entrypoint/src/main/java/io/shulie/takin/cloud/entrypoint/convert/SceneBusinessActivityRefInputConvert.java
renamed:    takin-cloud-entrypoint/takin-cloud-web-entrypoint/src/main/java/io/shulie/takin/cloud/web/entrypoint/convert/SceneBusinessActivityRefRespConvertor.java -> takin-cloud-entrypoint/src/main/java/io/shulie/takin/cloud/entrypoint/convert/SceneBusinessActivityRefRespConvertor.java
renamed:    takin-cloud-entrypoint/takin-cloud-web-entrypoint/src/main/java/io/shulie/takin/cloud/web/entrypoint/convert/SceneManageReqConvertor.java -> takin-cloud-entrypoint/src/main/java/io/shulie/takin/cloud/entrypoint/convert/SceneManageReqConvertor.java
renamed:    takin-cloud-entrypoint/takin-cloud-web-entrypoint/src/main/java/io/shulie/takin/cloud/web/entrypoint/convert/SceneManageRespConvertor.java -> takin-cloud-entrypoint/src/main/java/io/shulie/takin/cloud/entrypoint/convert/SceneManageRespConvertor.java
renamed:    takin-cloud-entrypoint/takin-cloud-open-entrypoint/src/main/java/io/shulie/takin/cloud/open/entrypoint/convert/SceneScriptRefInputConvert.java -> takin-cloud-entrypoint/src/main/java/io/shulie/takin/cloud/entrypoint/convert/SceneScriptRefInputConvert.java
renamed:    takin-cloud-entrypoint/takin-cloud-web-entrypoint/src/main/java/io/shulie/takin/cloud/web/entrypoint/convert/SceneScriptRefRespConvertor.java -> takin-cloud-entrypoint/src/main/java/io/shulie/takin/cloud/entrypoint/convert/SceneScriptRefRespConvertor.java
renamed:    takin-cloud-entrypoint/takin-cloud-open-entrypoint/src/main/java/io/shulie/takin/cloud/open/entrypoint/convert/SceneSlaRefInputConverter.java -> takin-cloud-entrypoint/src/main/java/io/shulie/takin/cloud/entrypoint/convert/SceneSlaRefInputConverter.java
renamed:    takin-cloud-entrypoint/takin-cloud-web-entrypoint/src/main/java/io/shulie/takin/cloud/web/entrypoint/convert/SceneSlaRefRespConvertor.java -> takin-cloud-entrypoint/src/main/java/io/shulie/takin/cloud/entrypoint/convert/SceneSlaRefRespConvertor.java
renamed:    takin-cloud-entrypoint/takin-cloud-open-entrypoint/src/main/java/io/shulie/takin/cloud/open/entrypoint/convert/SceneTaskOpenConverter.java -> takin-cloud-entrypoint/src/main/java/io/shulie/takin/cloud/entrypoint/convert/SceneTaskOpenConverter.java
renamed:    takin-cloud-entrypoint/takin-cloud-open-entrypoint/src/main/java/io/shulie/takin/cloud/open/entrypoint/convert/StatisticsConvert.java -> takin-cloud-entrypoint/src/main/java/io/shulie/takin/cloud/entrypoint/convert/StatisticsConvert.java
renamed:    takin-cloud-entrypoint/takin-cloud-web-entrypoint/src/main/java/io/shulie/takin/cloud/web/entrypoint/convert/WarnDetailRespConvertor.java -> takin-cloud-entrypoint/src/main/java/io/shulie/takin/cloud/entrypoint/convert/WarnDetailRespConvertor.java
deleted:    takin-cloud-entrypoint/takin-cloud-open-entrypoint/pom.xml
deleted:    takin-cloud-entrypoint/takin-cloud-open-entrypoint/src/test/java/SceneManageTest.java
deleted:    takin-cloud-entrypoint/takin-cloud-open-entrypoint/src/test/java/StrategyConfigServiceImplTest.java
deleted:    takin-cloud-entrypoint/takin-cloud-web-entrypoint/pom.xml
modified:   takin-cloud-eventcenter/pom.xml
modified:   takin-cloud-ext/pom.xml
deleted:    takin-cloud-open/pom.xml
deleted:    takin-cloud-open/takin-cloud-open-client-starter/pom.xml
modified:   takin-cloud-plugins/plugin-engine-module/pom.xml
modified:   takin-cloud-plugins/plugin-enginecall-module/pom.xml
modified:   takin-cloud-plugins/pom.xml
renamed:    takin-cloud-open/takin-cloud-open-api/pom.xml -> takin-cloud-sdk/pom.xml
renamed:    takin-cloud-open/takin-cloud-open-api/src/main/java/io/shulie/takin/cloud/open/api/common/CommonInfoApi.java -> takin-cloud-sdk/src/main/java/io/shulie/takin/cloud/sdk/api/common/CommonInfoApi.java
renamed:    takin-cloud-open/takin-cloud-open-api/src/main/java/io/shulie/takin/cloud/open/api/engine/CloudEngineApi.java -> takin-cloud-sdk/src/main/java/io/shulie/takin/cloud/sdk/api/engine/CloudEngineApi.java
renamed:    takin-cloud-open/takin-cloud-open-api/src/main/java/io/shulie/takin/cloud/open/api/file/CloudFileApi.java -> takin-cloud-sdk/src/main/java/io/shulie/takin/cloud/sdk/api/file/CloudFileApi.java
renamed:    takin-cloud-open/takin-cloud-open-api/src/main/java/io/shulie/takin/cloud/open/api/report/CloudReportApi.java -> takin-cloud-sdk/src/main/java/io/shulie/takin/cloud/sdk/api/report/CloudReportApi.java
renamed:    takin-cloud-open/takin-cloud-open-api/src/main/java/io/shulie/takin/cloud/open/api/scenemanage/CloudSceneApi.java -> takin-cloud-sdk/src/main/java/io/shulie/takin/cloud/sdk/api/scenemanage/CloudSceneApi.java
renamed:    takin-cloud-open/takin-cloud-open-api/src/main/java/io/shulie/takin/cloud/open/api/scenetask/CloudTaskApi.java -> takin-cloud-sdk/src/main/java/io/shulie/takin/cloud/sdk/api/scenetask/CloudTaskApi.java
renamed:    takin-cloud-open/takin-cloud-open-api/src/main/java/io/shulie/takin/cloud/open/api/statistics/CloudPressureStatisticsApi.java -> takin-cloud-sdk/src/main/java/io/shulie/takin/cloud/sdk/api/statistics/CloudPressureStatisticsApi.java
renamed:    takin-cloud-open/takin-cloud-open-api/src/main/java/io/shulie/takin/cloud/open/constant/CloudApiConstant.java -> takin-cloud-sdk/src/main/java/io/shulie/takin/cloud/sdk/constant/CloudApiConstant.java
new file:   takin-cloud-sdk/src/main/java/io/shulie/takin/cloud/sdk/constant/Entrypoint.java
renamed:    takin-cloud-open/takin-cloud-open-client-starter/src/main/java/io/shulie/takin/cloud/open/api/impl/common/CommonInfoApiImpl.java -> takin-cloud-sdk/src/main/java/io/shulie/takin/cloud/sdk/impl/common/CommonInfoApiImpl.java
renamed:    takin-cloud-open/takin-cloud-open-client-starter/src/main/java/io/shulie/takin/cloud/open/api/impl/engine/CloudEngineApiImpl.java -> takin-cloud-sdk/src/main/java/io/shulie/takin/cloud/sdk/impl/engine/CloudEngineApiImpl.java
renamed:    takin-cloud-open/takin-cloud-open-client-starter/src/main/java/io/shulie/takin/cloud/open/api/impl/file/CloudFileApiImpl.java -> takin-cloud-sdk/src/main/java/io/shulie/takin/cloud/sdk/impl/file/CloudFileApiImpl.java
renamed:    takin-cloud-open/takin-cloud-open-client-starter/src/main/java/io/shulie/takin/cloud/open/api/impl/report/CloudReportApiImpl.java -> takin-cloud-sdk/src/main/java/io/shulie/takin/cloud/sdk/impl/report/CloudReportApiImpl.java
renamed:    takin-cloud-open/takin-cloud-open-client-starter/src/main/java/io/shulie/takin/cloud/open/api/impl/scenemanage/CloudSceneApiImpl.java -> takin-cloud-sdk/src/main/java/io/shulie/takin/cloud/sdk/impl/scenemanage/CloudSceneApiImpl.java
renamed:    takin-cloud-open/takin-cloud-open-client-starter/src/main/java/io/shulie/takin/cloud/open/api/impl/scenetask/CloudTaskApiImpl.java -> takin-cloud-sdk/src/main/java/io/shulie/takin/cloud/sdk/impl/scenetask/CloudTaskApiImpl.java
renamed:    takin-cloud-open/takin-cloud-open-client-starter/src/main/java/io/shulie/takin/cloud/open/api/impl/sender/CloudApiSenderService.java -> takin-cloud-sdk/src/main/java/io/shulie/takin/cloud/sdk/impl/sender/CloudApiSenderService.java
renamed:    takin-cloud-open/takin-cloud-open-client-starter/src/main/java/io/shulie/takin/cloud/open/api/impl/statistics/CloudPressureStatisticsApiImpl.java -> takin-cloud-sdk/src/main/java/io/shulie/takin/cloud/sdk/impl/statistics/CloudPressureStatisticsApiImpl.java
renamed:    takin-cloud-open/takin-cloud-open-api/src/main/java/io/shulie/takin/cloud/open/req/common/CloudCommonInfoWrapperReq.java -> takin-cloud-sdk/src/main/java/io/shulie/takin/cloud/sdk/req/common/CloudCommonInfoWrapperReq.java
renamed:    takin-cloud-open/takin-cloud-open-api/src/main/java/io/shulie/takin/cloud/open/req/engine/EnginePluginDetailsWrapperReq.java -> takin-cloud-sdk/src/main/java/io/shulie/takin/cloud/sdk/req/engine/EnginePluginDetailsWrapperReq.java
renamed:    takin-cloud-open/takin-cloud-open-api/src/main/java/io/shulie/takin/cloud/open/req/engine/EnginePluginFetchWrapperReq.java -> takin-cloud-sdk/src/main/java/io/shulie/takin/cloud/sdk/req/engine/EnginePluginFetchWrapperReq.java
renamed:    takin-cloud-open/takin-cloud-open-api/src/main/java/io/shulie/takin/cloud/open/req/engine/EnginePluginStatusWrapperReq.java -> takin-cloud-sdk/src/main/java/io/shulie/takin/cloud/sdk/req/engine/EnginePluginStatusWrapperReq.java
renamed:    takin-cloud-open/takin-cloud-open-api/src/main/java/io/shulie/takin/cloud/open/req/engine/EnginePluginWrapperReq.java -> takin-cloud-sdk/src/main/java/io/shulie/takin/cloud/sdk/req/engine/EnginePluginWrapperReq.java
renamed:    takin-cloud-open/takin-cloud-open-api/src/main/java/io/shulie/takin/cloud/open/req/engine/EnginePluginsRefOpen.java -> takin-cloud-sdk/src/main/java/io/shulie/takin/cloud/sdk/req/engine/EnginePluginsRefOpen.java
renamed:    takin-cloud-open/takin-cloud-open-api/src/main/java/io/shulie/takin/cloud/open/req/filemanager/FileContentParamReq.java -> takin-cloud-sdk/src/main/java/io/shulie/takin/cloud/sdk/req/filemanager/FileContentParamReq.java
renamed:    takin-cloud-open/takin-cloud-open-api/src/main/java/io/shulie/takin/cloud/open/req/filemanager/FileCopyParamReq.java -> takin-cloud-sdk/src/main/java/io/shulie/takin/cloud/sdk/req/filemanager/FileCopyParamReq.java
renamed:    takin-cloud-open/takin-cloud-open-api/src/main/java/io/shulie/takin/cloud/open/req/filemanager/FileCreateByStringParamReq.java -> takin-cloud-sdk/src/main/java/io/shulie/takin/cloud/sdk/req/filemanager/FileCreateByStringParamReq.java
renamed:    takin-cloud-open/takin-cloud-open-api/src/main/java/io/shulie/takin/cloud/open/req/filemanager/FileDeleteParamReq.java -> takin-cloud-sdk/src/main/java/io/shulie/takin/cloud/sdk/req/filemanager/FileDeleteParamReq.java
renamed:    takin-cloud-open/takin-cloud-open-api/src/main/java/io/shulie/takin/cloud/open/req/filemanager/FileZipParamReq.java -> takin-cloud-sdk/src/main/java/io/shulie/takin/cloud/sdk/req/filemanager/FileZipParamReq.java
renamed:    takin-cloud-open/takin-cloud-open-api/src/main/java/io/shulie/takin/cloud/open/req/report/InspectReportDetailReq.java -> takin-cloud-sdk/src/main/java/io/shulie/takin/cloud/sdk/req/report/InspectReportDetailReq.java
renamed:    takin-cloud-open/takin-cloud-open-api/src/main/java/io/shulie/takin/cloud/open/req/report/JtlDownloadReq.java -> takin-cloud-sdk/src/main/java/io/shulie/takin/cloud/sdk/req/report/JtlDownloadReq.java
renamed:    takin-cloud-open/takin-cloud-open-api/src/main/java/io/shulie/takin/cloud/open/req/report/ReportDetailByIdReq.java -> takin-cloud-sdk/src/main/java/io/shulie/takin/cloud/sdk/req/report/ReportDetailByIdReq.java
renamed:    takin-cloud-open/takin-cloud-open-api/src/main/java/io/shulie/takin/cloud/open/req/report/ReportDetailBySceneIdReq.java -> takin-cloud-sdk/src/main/java/io/shulie/takin/cloud/sdk/req/report/ReportDetailBySceneIdReq.java
renamed:    takin-cloud-open/takin-cloud-open-api/src/main/java/io/shulie/takin/cloud/open/req/report/ReportQueryReq.java -> takin-cloud-sdk/src/main/java/io/shulie/takin/cloud/sdk/req/report/ReportQueryReq.java
renamed:    takin-cloud-open/takin-cloud-open-api/src/main/java/io/shulie/takin/cloud/open/req/report/UpdateReportConclusionReq.java -> takin-cloud-sdk/src/main/java/io/shulie/takin/cloud/sdk/req/report/UpdateReportConclusionReq.java
renamed:    takin-cloud-open/takin-cloud-open-api/src/main/java/io/shulie/takin/cloud/open/req/report/WarnCreateReq.java -> takin-cloud-sdk/src/main/java/io/shulie/takin/cloud/sdk/req/report/WarnCreateReq.java
renamed:    takin-cloud-open/takin-cloud-open-api/src/main/java/io/shulie/takin/cloud/open/req/report/WarnQueryReq.java -> takin-cloud-sdk/src/main/java/io/shulie/takin/cloud/sdk/req/report/WarnQueryReq.java
renamed:    takin-cloud-open/takin-cloud-open-api/src/main/java/io/shulie/takin/cloud/open/req/scenemanage/CloudUpdateSceneFileRequest.java -> takin-cloud-sdk/src/main/java/io/shulie/takin/cloud/sdk/req/scenemanage/CloudUpdateSceneFileRequest.java
renamed:    takin-cloud-open/takin-cloud-open-api/src/main/java/io/shulie/takin/cloud/open/req/scenemanage/SceneBusinessActivityRefOpen.java -> takin-cloud-sdk/src/main/java/io/shulie/takin/cloud/sdk/req/scenemanage/SceneBusinessActivityRefOpen.java
renamed:    takin-cloud-open/takin-cloud-open-api/src/main/java/io/shulie/takin/cloud/open/req/scenemanage/SceneIpNumReq.java -> takin-cloud-sdk/src/main/java/io/shulie/takin/cloud/sdk/req/scenemanage/SceneIpNumReq.java
renamed:    takin-cloud-open/takin-cloud-open-api/src/main/java/io/shulie/takin/cloud/open/req/scenemanage/SceneManageDeleteReq.java -> takin-cloud-sdk/src/main/java/io/shulie/takin/cloud/sdk/req/scenemanage/SceneManageDeleteReq.java
renamed:    takin-cloud-open/takin-cloud-open-api/src/main/java/io/shulie/takin/cloud/open/req/scenemanage/SceneManageIdReq.java -> takin-cloud-sdk/src/main/java/io/shulie/takin/cloud/sdk/req/scenemanage/SceneManageIdReq.java
renamed:    takin-cloud-open/takin-cloud-open-api/src/main/java/io/shulie/takin/cloud/open/req/scenemanage/SceneManageQueryByIdsReq.java -> takin-cloud-sdk/src/main/java/io/shulie/takin/cloud/sdk/req/scenemanage/SceneManageQueryByIdsReq.java
renamed:    takin-cloud-open/takin-cloud-open-api/src/main/java/io/shulie/takin/cloud/open/req/scenemanage/SceneManageQueryReq.java -> takin-cloud-sdk/src/main/java/io/shulie/takin/cloud/sdk/req/scenemanage/SceneManageQueryReq.java
renamed:    takin-cloud-open/takin-cloud-open-api/src/main/java/io/shulie/takin/cloud/open/req/scenemanage/SceneManageWrapperReq.java -> takin-cloud-sdk/src/main/java/io/shulie/takin/cloud/sdk/req/scenemanage/SceneManageWrapperReq.java
renamed:    takin-cloud-open/takin-cloud-open-api/src/main/java/io/shulie/takin/cloud/open/req/scenemanage/SceneScriptRefOpen.java -> takin-cloud-sdk/src/main/java/io/shulie/takin/cloud/sdk/req/scenemanage/SceneScriptRefOpen.java
renamed:    takin-cloud-open/takin-cloud-open-api/src/main/java/io/shulie/takin/cloud/open/req/scenemanage/SceneSlaRefOpen.java -> takin-cloud-sdk/src/main/java/io/shulie/takin/cloud/sdk/req/scenemanage/SceneSlaRefOpen.java
renamed:    takin-cloud-open/takin-cloud-open-api/src/main/java/io/shulie/takin/cloud/open/req/scenemanage/SceneStartPreCheckReq.java -> takin-cloud-sdk/src/main/java/io/shulie/takin/cloud/sdk/req/scenemanage/SceneStartPreCheckReq.java
renamed:    takin-cloud-open/takin-cloud-open-api/src/main/java/io/shulie/takin/cloud/open/req/scenemanage/SceneStartTrialRunRequestCloud.java -> takin-cloud-sdk/src/main/java/io/shulie/takin/cloud/sdk/req/scenemanage/SceneStartTrialRunRequestCloud.java
renamed:    takin-cloud-open/takin-cloud-open-api/src/main/java/io/shulie/takin/cloud/open/req/scenemanage/SceneTaskStartReq.java -> takin-cloud-sdk/src/main/java/io/shulie/takin/cloud/sdk/req/scenemanage/SceneTaskStartReq.java
renamed:    takin-cloud-open/takin-cloud-open-api/src/main/java/io/shulie/takin/cloud/open/req/scenemanage/ScriptAssetBalanceReq.java -> takin-cloud-sdk/src/main/java/io/shulie/takin/cloud/sdk/req/scenemanage/ScriptAssetBalanceReq.java
renamed:    takin-cloud-open/takin-cloud-open-api/src/main/java/io/shulie/takin/cloud/open/req/scenemanage/ScriptCheckAndUpdateReq.java -> takin-cloud-sdk/src/main/java/io/shulie/takin/cloud/sdk/req/scenemanage/ScriptCheckAndUpdateReq.java
renamed:    takin-cloud-open/takin-cloud-open-api/src/main/java/io/shulie/takin/cloud/open/req/scenetask/SceneStartCheckResp.java -> takin-cloud-sdk/src/main/java/io/shulie/takin/cloud/sdk/req/scenetask/SceneStartCheckResp.java
renamed:    takin-cloud-open/takin-cloud-open-api/src/main/java/io/shulie/takin/cloud/open/req/scenetask/SceneTaskQueryTpsReq.java -> takin-cloud-sdk/src/main/java/io/shulie/takin/cloud/sdk/req/scenetask/SceneTaskQueryTpsReq.java
renamed:    takin-cloud-open/takin-cloud-open-api/src/main/java/io/shulie/takin/cloud/open/req/scenetask/SceneTaskUpdateTpsReq.java -> takin-cloud-sdk/src/main/java/io/shulie/takin/cloud/sdk/req/scenetask/SceneTaskUpdateTpsReq.java
renamed:    takin-cloud-open/takin-cloud-open-api/src/main/java/io/shulie/takin/cloud/open/req/scenetask/SceneTryRunTaskCheckReq.java -> takin-cloud-sdk/src/main/java/io/shulie/takin/cloud/sdk/req/scenetask/SceneTryRunTaskCheckReq.java
renamed:    takin-cloud-open/takin-cloud-open-api/src/main/java/io/shulie/takin/cloud/open/req/scenetask/SceneTryRunTaskStartReq.java -> takin-cloud-sdk/src/main/java/io/shulie/takin/cloud/sdk/req/scenetask/SceneTryRunTaskStartReq.java
renamed:    takin-cloud-open/takin-cloud-open-api/src/main/java/io/shulie/takin/cloud/open/req/scenetask/TaskFlowDebugStartReq.java -> takin-cloud-sdk/src/main/java/io/shulie/takin/cloud/sdk/req/scenetask/TaskFlowDebugStartReq.java
renamed:    takin-cloud-open/takin-cloud-open-api/src/main/java/io/shulie/takin/cloud/open/req/scenetask/TaskInspectStartReq.java -> takin-cloud-sdk/src/main/java/io/shulie/takin/cloud/sdk/req/scenetask/TaskInspectStartReq.java
renamed:    takin-cloud-open/takin-cloud-open-api/src/main/java/io/shulie/takin/cloud/open/req/scenetask/TaskInspectStopReq.java -> takin-cloud-sdk/src/main/java/io/shulie/takin/cloud/sdk/req/scenetask/TaskInspectStopReq.java
renamed:    takin-cloud-open/takin-cloud-open-api/src/main/java/io/shulie/takin/cloud/open/req/statistics/PressureTotalReq.java -> takin-cloud-sdk/src/main/java/io/shulie/takin/cloud/sdk/req/statistics/PressureTotalReq.java
renamed:    takin-cloud-entrypoint/takin-cloud-web-entrypoint/src/main/java/io/shulie/takin/cloud/web/entrypoint/request/filemanage/FileCopyParamRequest.java -> takin-cloud-sdk/src/main/java/io/shulie/takin/cloud/sdk/request/filemanage/FileCopyParamRequest.java
renamed:    takin-cloud-entrypoint/takin-cloud-web-entrypoint/src/main/java/io/shulie/takin/cloud/web/entrypoint/request/filemanage/FileCreateByStringParamRequest.java -> takin-cloud-sdk/src/main/java/io/shulie/takin/cloud/sdk/request/filemanage/FileCreateByStringParamRequest.java
renamed:    takin-cloud-entrypoint/takin-cloud-web-entrypoint/src/main/java/io/shulie/takin/cloud/web/entrypoint/request/filemanage/FileDeleteParamRequest.java -> takin-cloud-sdk/src/main/java/io/shulie/takin/cloud/sdk/request/filemanage/FileDeleteParamRequest.java
renamed:    takin-cloud-entrypoint/takin-cloud-web-entrypoint/src/main/java/io/shulie/takin/cloud/web/entrypoint/request/filemanage/FileZipParamRequest.java -> takin-cloud-sdk/src/main/java/io/shulie/takin/cloud/sdk/request/filemanage/FileZipParamRequest.java
renamed:    takin-cloud-entrypoint/takin-cloud-web-entrypoint/src/main/java/io/shulie/takin/cloud/web/entrypoint/request/scenemanage/SceneBusinessActivityRefRequest.java -> takin-cloud-sdk/src/main/java/io/shulie/takin/cloud/sdk/request/scenemanage/SceneBusinessActivityRefRequest.java
renamed:    takin-cloud-entrypoint/takin-cloud-web-entrypoint/src/main/java/io/shulie/takin/cloud/web/entrypoint/request/scenemanage/SceneIpNumRequest.java -> takin-cloud-sdk/src/main/java/io/shulie/takin/cloud/sdk/request/scenemanage/SceneIpNumRequest.java
renamed:    takin-cloud-entrypoint/takin-cloud-web-entrypoint/src/main/java/io/shulie/takin/cloud/web/entrypoint/request/scenemanage/SceneManageDeleteRequest.java -> takin-cloud-sdk/src/main/java/io/shulie/takin/cloud/sdk/request/scenemanage/SceneManageDeleteRequest.java
renamed:    takin-cloud-entrypoint/takin-cloud-web-entrypoint/src/main/java/io/shulie/takin/cloud/web/entrypoint/request/scenemanage/SceneManageIdRequest.java -> takin-cloud-sdk/src/main/java/io/shulie/takin/cloud/sdk/request/scenemanage/SceneManageIdRequest.java
renamed:    takin-cloud-entrypoint/takin-cloud-web-entrypoint/src/main/java/io/shulie/takin/cloud/web/entrypoint/request/scenemanage/SceneManageQueryRequest.java -> takin-cloud-sdk/src/main/java/io/shulie/takin/cloud/sdk/request/scenemanage/SceneManageQueryRequest.java
renamed:    takin-cloud-entrypoint/takin-cloud-web-entrypoint/src/main/java/io/shulie/takin/cloud/web/entrypoint/request/scenemanage/SceneManageWrapperRequest.java -> takin-cloud-sdk/src/main/java/io/shulie/takin/cloud/sdk/request/scenemanage/SceneManageWrapperRequest.java
renamed:    takin-cloud-entrypoint/takin-cloud-web-entrypoint/src/main/java/io/shulie/takin/cloud/web/entrypoint/request/scenemanage/SceneParseRequest.java -> takin-cloud-sdk/src/main/java/io/shulie/takin/cloud/sdk/request/scenemanage/SceneParseRequest.java
renamed:    takin-cloud-entrypoint/takin-cloud-web-entrypoint/src/main/java/io/shulie/takin/cloud/web/entrypoint/request/scenemanage/SceneScriptRefRequest.java -> takin-cloud-sdk/src/main/java/io/shulie/takin/cloud/sdk/request/scenemanage/SceneScriptRefRequest.java
renamed:    takin-cloud-entrypoint/takin-cloud-web-entrypoint/src/main/java/io/shulie/takin/cloud/web/entrypoint/request/scenemanage/SceneSlaRefRequest.java -> takin-cloud-sdk/src/main/java/io/shulie/takin/cloud/sdk/request/scenemanage/SceneSlaRefRequest.java
renamed:    takin-cloud-entrypoint/takin-cloud-web-entrypoint/src/main/java/io/shulie/takin/cloud/web/entrypoint/request/scenemanage/SceneTaskStartRequest.java -> takin-cloud-sdk/src/main/java/io/shulie/takin/cloud/sdk/request/scenemanage/SceneTaskStartRequest.java
renamed:    takin-cloud-open/takin-cloud-open-api/src/main/java/io/shulie/takin/cloud/open/resp/common/CommonInfosResp.java -> takin-cloud-sdk/src/main/java/io/shulie/takin/cloud/sdk/resp/common/CommonInfosResp.java
renamed:    takin-cloud-open/takin-cloud-open-api/src/main/java/io/shulie/takin/cloud/open/resp/engine/EnginePluginDetailResp.java -> takin-cloud-sdk/src/main/java/io/shulie/takin/cloud/sdk/resp/engine/EnginePluginDetailResp.java
renamed:    takin-cloud-open/takin-cloud-open-api/src/main/java/io/shulie/takin/cloud/open/resp/engine/EnginePluginFileResp.java -> takin-cloud-sdk/src/main/java/io/shulie/takin/cloud/sdk/resp/engine/EnginePluginFileResp.java
renamed:    takin-cloud-open/takin-cloud-open-api/src/main/java/io/shulie/takin/cloud/open/resp/engine/EnginePluginSimpleInfoResp.java -> takin-cloud-sdk/src/main/java/io/shulie/takin/cloud/sdk/resp/engine/EnginePluginSimpleInfoResp.java
renamed:    takin-cloud-open/takin-cloud-open-api/src/main/java/io/shulie/takin/cloud/open/resp/report/ReportDetailResp.java -> takin-cloud-sdk/src/main/java/io/shulie/takin/cloud/sdk/resp/report/ReportDetailResp.java
renamed:    takin-cloud-open/takin-cloud-open-api/src/main/java/io/shulie/takin/cloud/open/resp/report/ReportResp.java -> takin-cloud-sdk/src/main/java/io/shulie/takin/cloud/sdk/resp/report/ReportResp.java
renamed:    takin-cloud-open/takin-cloud-open-api/src/main/java/io/shulie/takin/cloud/open/resp/report/WarnResp.java -> takin-cloud-sdk/src/main/java/io/shulie/takin/cloud/sdk/resp/report/WarnResp.java
renamed:    takin-cloud-open/takin-cloud-open-api/src/main/java/io/shulie/takin/cloud/open/resp/scenemanage/BusinessActivityDetailResp.java -> takin-cloud-sdk/src/main/java/io/shulie/takin/cloud/sdk/resp/scenemanage/BusinessActivityDetailResp.java
renamed:    takin-cloud-open/takin-cloud-open-api/src/main/java/io/shulie/takin/cloud/open/resp/scenemanage/SceneDetailResp.java -> takin-cloud-sdk/src/main/java/io/shulie/takin/cloud/sdk/resp/scenemanage/SceneDetailResp.java
renamed:    takin-cloud-open/takin-cloud-open-api/src/main/java/io/shulie/takin/cloud/open/resp/scenemanage/SceneInspectTaskStartResp.java -> takin-cloud-sdk/src/main/java/io/shulie/takin/cloud/sdk/resp/scenemanage/SceneInspectTaskStartResp.java
renamed:    takin-cloud-open/takin-cloud-open-api/src/main/java/io/shulie/takin/cloud/open/resp/scenemanage/SceneInspectTaskStopResp.java -> takin-cloud-sdk/src/main/java/io/shulie/takin/cloud/sdk/resp/scenemanage/SceneInspectTaskStopResp.java
renamed:    takin-cloud-open/takin-cloud-open-api/src/main/java/io/shulie/takin/cloud/open/resp/scenemanage/SceneManageListResp.java -> takin-cloud-sdk/src/main/java/io/shulie/takin/cloud/sdk/resp/scenemanage/SceneManageListResp.java
renamed:    takin-cloud-open/takin-cloud-open-api/src/main/java/io/shulie/takin/cloud/open/resp/scenemanage/SceneManageWrapperResp.java -> takin-cloud-sdk/src/main/java/io/shulie/takin/cloud/sdk/resp/scenemanage/SceneManageWrapperResp.java
renamed:    takin-cloud-open/takin-cloud-open-api/src/main/java/io/shulie/takin/cloud/open/resp/scenemanage/SceneTryRunTaskStartResp.java -> takin-cloud-sdk/src/main/java/io/shulie/takin/cloud/sdk/resp/scenemanage/SceneTryRunTaskStartResp.java
renamed:    takin-cloud-open/takin-cloud-open-api/src/main/java/io/shulie/takin/cloud/open/resp/scenemanage/SceneTryRunTaskStatusResp.java -> takin-cloud-sdk/src/main/java/io/shulie/takin/cloud/sdk/resp/scenemanage/SceneTryRunTaskStatusResp.java
renamed:    takin-cloud-open/takin-cloud-open-api/src/main/java/io/shulie/takin/cloud/open/resp/scenemanage/ScriptCheckResp.java -> takin-cloud-sdk/src/main/java/io/shulie/takin/cloud/sdk/resp/scenemanage/ScriptCheckResp.java
renamed:    takin-cloud-open/takin-cloud-open-api/src/main/java/io/shulie/takin/cloud/open/resp/scenemanage/WarnDetailResponse.java -> takin-cloud-sdk/src/main/java/io/shulie/takin/cloud/sdk/resp/scenemanage/WarnDetailResponse.java
renamed:    takin-cloud-open/takin-cloud-open-api/src/main/java/io/shulie/takin/cloud/open/resp/scenetask/SceneActionResp.java -> takin-cloud-sdk/src/main/java/io/shulie/takin/cloud/sdk/resp/scenetask/SceneActionResp.java
renamed:    takin-cloud-open/takin-cloud-open-api/src/main/java/io/shulie/takin/cloud/open/resp/scenetask/SceneJobStateResp.java -> takin-cloud-sdk/src/main/java/io/shulie/takin/cloud/sdk/resp/scenetask/SceneJobStateResp.java
renamed:    takin-cloud-open/takin-cloud-open-api/src/main/java/io/shulie/takin/cloud/open/resp/scenetask/SceneTaskAdjustTpsResp.java -> takin-cloud-sdk/src/main/java/io/shulie/takin/cloud/sdk/resp/scenetask/SceneTaskAdjustTpsResp.java
renamed:    takin-cloud-open/takin-cloud-open-api/src/main/java/io/shulie/takin/cloud/open/resp/statistics/PressureListTotalResp.java -> takin-cloud-sdk/src/main/java/io/shulie/takin/cloud/sdk/resp/statistics/PressureListTotalResp.java
renamed:    takin-cloud-open/takin-cloud-open-api/src/main/java/io/shulie/takin/cloud/open/resp/statistics/PressurePieTotalResp.java -> takin-cloud-sdk/src/main/java/io/shulie/takin/cloud/sdk/resp/statistics/PressurePieTotalResp.java
renamed:    takin-cloud-open/takin-cloud-open-api/src/main/java/io/shulie/takin/cloud/open/resp/statistics/ReportTotalResp.java -> takin-cloud-sdk/src/main/java/io/shulie/takin/cloud/sdk/resp/statistics/ReportTotalResp.java
renamed:    takin-cloud-open/takin-cloud-open-api/src/main/java/io/shulie/takin/cloud/open/resp/strategy/StrategyResp.java -> takin-cloud-sdk/src/main/java/io/shulie/takin/cloud/sdk/resp/strategy/StrategyResp.java
renamed:    takin-cloud-entrypoint/takin-cloud-web-entrypoint/src/main/java/io/shulie/takin/cloud/web/entrypoint/response/SceneActionResponse.java -> takin-cloud-sdk/src/main/java/io/shulie/takin/cloud/sdk/response/SceneActionResponse.java
renamed:    takin-cloud-entrypoint/takin-cloud-web-entrypoint/src/main/java/io/shulie/takin/cloud/web/entrypoint/response/scenemanage/BusinessActivityDetailResponse.java -> takin-cloud-sdk/src/main/java/io/shulie/takin/cloud/sdk/response/scenemanage/BusinessActivityDetailResponse.java
renamed:    takin-cloud-entrypoint/takin-cloud-web-entrypoint/src/main/java/io/shulie/takin/cloud/web/entrypoint/response/scenemanage/SceneDetailResponse.java -> takin-cloud-sdk/src/main/java/io/shulie/takin/cloud/sdk/response/scenemanage/SceneDetailResponse.java
renamed:    takin-cloud-entrypoint/takin-cloud-web-entrypoint/src/main/java/io/shulie/takin/cloud/web/entrypoint/response/scenemanage/SceneManageListResponse.java -> takin-cloud-sdk/src/main/java/io/shulie/takin/cloud/sdk/response/scenemanage/SceneManageListResponse.java
renamed:    takin-cloud-entrypoint/takin-cloud-web-entrypoint/src/main/java/io/shulie/takin/cloud/web/entrypoint/response/scenemanage/SceneManageWrapperResponse.java -> takin-cloud-sdk/src/main/java/io/shulie/takin/cloud/sdk/response/scenemanage/SceneManageWrapperResponse.java
renamed:    takin-cloud-entrypoint/takin-cloud-web-entrypoint/src/main/java/io/shulie/takin/cloud/web/entrypoint/response/scenemanage/WarnDetailResponse.java -> takin-cloud-sdk/src/main/java/io/shulie/takin/cloud/sdk/response/scenemanage/WarnDetailResponse.java
renamed:    takin-cloud-entrypoint/takin-cloud-web-entrypoint/src/main/java/io/shulie/takin/cloud/web/entrypoint/response/strategy/StrategyResponse.java -> takin-cloud-sdk/src/main/java/io/shulie/takin/cloud/sdk/response/strategy/StrategyResponse.java
new file:   SDK独立变更.log